# JRE version: OpenJDK Runtime Environment (17.0.6) (build 17.0.6+0-b2043.56-10027231)
# Java VM: OpenJDK 64-Bit Server VM (17.0.6+0-b2043.56-10027231, mixed mode, tiered, compressed oops, compressed class ptrs, g1 gc, windows-amd64)
GC Precious Log:
 CPUs: 4 total, 4 available
 Memory: 8025M
 Large Page Support: Disabled
 NUMA Support: Disabled
 Compressed Oops: Enabled (32-bit)
 Heap Region Size: 1M
 Heap Min Capacity: 8M
 Heap Initial Capacity: 126M
 Heap Max Capacity: 2G
 Pre-touch: Disabled
 Parallel Workers: 4
 Concurrent Workers: 1
 Concurrent Refinement Workers: 4
 Periodic GC: Disabled
Heap:
 garbage-first heap   total 325632K, used 122698K [0x0000000080000000, 0x0000000100000000)
  region size 1024K, 18 young (18432K), 4 survivors (4096K)
 Metaspace       used 106391K, committed 107136K, reserved 1146880K
  class space    used 14493K, committed 14848K, reserved 1048576K
GC Heap History (20 events):
Event: 22.324 GC heap before
{Heap before GC invocations=39 (full 0):
 garbage-first heap   total 145408K, used 119288K [0x0000000080000000, 0x0000000100000000)
  region size 1024K, 37 young (37888K), 3 survivors (3072K)
 Metaspace       used 98161K, committed 98752K, reserved 1138688K
  class space    used 13322K, committed 13632K, reserved 1048576K
}
Event: 22.337 GC heap after
{Heap after GC invocations=40 (full 0):
 garbage-first heap   total 175104K, used 89707K [0x0000000080000000, 0x0000000100000000)
  region size 1024K, 5 young (5120K), 5 survivors (5120K)
 Metaspace       used 98161K, committed 98752K, reserved 1138688K
  class space    used 13322K, committed 13632K, reserved 1048576K
}
Event: 23.755 GC heap before
{Heap before GC invocations=41 (full 0):
 garbage-first heap   total 175104K, used 138859K [0x0000000080000000, 0x0000000100000000)
  region size 1024K, 53 young (54272K), 5 survivors (5120K)
 Metaspace       used 100542K, committed 101248K, reserved 1138688K
  class space    used 13751K, committed 14080K, reserved 1048576K
}
Event: 23.770 GC heap after
{Heap after GC invocations=42 (full 0):
 garbage-first heap   total 175104K, used 95863K [0x0000000080000000, 0x0000000100000000)
  region size 1024K, 6 young (6144K), 6 survivors (6144K)
 Metaspace       used 100542K, committed 101248K, reserved 1138688K
  class space    used 13751K, committed 14080K, reserved 1048576K
}
Event: 23.810 GC heap before
{Heap before GC invocations=42 (full 0):
 garbage-first heap   total 175104K, used 97911K [0x0000000080000000, 0x0000000100000000)
  region size 1024K, 8 young (8192K), 6 survivors (6144K)
 Metaspace       used 100565K, committed 101248K, reserved 1138688K
  class space    used 13752K, committed 14080K, reserved 1048576K
}
Event: 23.820 GC heap after
{Heap after GC invocations=43 (full 0):
 garbage-first heap   total 175104K, used 96483K [0x0000000080000000, 0x0000000100000000)
  region size 1024K, 1 young (1024K), 1 survivors (1024K)
 Metaspace       used 100565K, committed 101248K, reserved 1138688K
  class space    used 13752K, committed 14080K, reserved 1048576K
}
Event: 24.825 GC heap before
{Heap before GC invocations=43 (full 0):
 garbage-first heap   total 175104K, used 139491K [0x0000000080000000, 0x0000000100000000)
  region size 1024K, 44 young (45056K), 1 survivors (1024K)
 Metaspace       used 101117K, committed 101760K, reserved 1138688K
  class space    used 13799K, committed 14080K, reserved 1048576K
}
Event: 24.834 GC heap after
{Heap after GC invocations=44 (full 0):
 garbage-first heap   total 175104K, used 99134K [0x0000000080000000, 0x0000000100000000)
  region size 1024K, 4 young (4096K), 4 survivors (4096K)
 Metaspace       used 101117K, committed 101760K, reserved 1138688K
  class space    used 13799K, committed 14080K, reserved 1048576K
}
Event: 25.812 GC heap before
{Heap before GC invocations=45 (full 0):
 garbage-first heap   total 181248K, used 141118K [0x0000000080000000, 0x0000000100000000)
  region size 1024K, 46 young (47104K), 4 survivors (4096K)
 Metaspace       used 101423K, committed 102080K, reserved 1138688K
  class space    used 13800K, committed 14080K, reserved 1048576K
}
Event: 25.820 GC heap after
{Heap after GC invocations=46 (full 0):
 garbage-first heap   total 181248K, used 101595K [0x0000000080000000, 0x0000000100000000)
  region size 1024K, 3 young (3072K), 3 survivors (3072K)
 Metaspace       used 101423K, committed 102080K, reserved 1138688K
  class space    used 13800K, committed 14080K, reserved 1048576K
}
Event: 25.966 GC heap before
{Heap before GC invocations=46 (full 0):
 garbage-first heap   total 181248K, used 106715K [0x0000000080000000, 0x0000000100000000)
  region size 1024K, 8 young (8192K), 3 survivors (3072K)
 Metaspace       used 101515K, committed 102208K, reserved 1138688K
  class space    used 13813K, committed 14144K, reserved 1048576K
}
Event: 25.973 GC heap after
{Heap after GC invocations=47 (full 0):
 garbage-first heap   total 181248K, used 102271K [0x0000000080000000, 0x0000000100000000)
  region size 1024K, 1 young (1024K), 1 survivors (1024K)
 Metaspace       used 101515K, committed 102208K, reserved 1138688K
  class space    used 13813K, committed 14144K, reserved 1048576K
}
Event: 26.793 GC heap before
{Heap before GC invocations=47 (full 0):
 garbage-first heap   total 181248K, used 147327K [0x0000000080000000, 0x0000000100000000)
  region size 1024K, 46 young (47104K), 1 survivors (1024K)
 Metaspace       used 102172K, committed 102848K, reserved 1138688K
  class space    used 13933K, committed 14208K, reserved 1048576K
}
Event: 26.802 GC heap after
{Heap after GC invocations=48 (full 0):
 garbage-first heap   total 181248K, used 104741K [0x0000000080000000, 0x0000000100000000)
  region size 1024K, 4 young (4096K), 4 survivors (4096K)
 Metaspace       used 102172K, committed 102848K, reserved 1138688K
  class space    used 13933K, committed 14208K, reserved 1048576K
}
Event: 28.060 GC heap before
{Heap before GC invocations=49 (full 0):
 garbage-first heap   total 188416K, used 148773K [0x0000000080000000, 0x0000000100000000)
  region size 1024K, 48 young (49152K), 4 survivors (4096K)
 Metaspace       used 104367K, committed 105152K, reserved 1146880K
  class space    used 14181K, committed 14528K, reserved 1048576K
}
Event: 28.072 GC heap after
{Heap after GC invocations=50 (full 0):
 garbage-first heap   total 188416K, used 107776K [0x0000000080000000, 0x0000000100000000)
  region size 1024K, 6 young (6144K), 6 survivors (6144K)
 Metaspace       used 104367K, committed 105152K, reserved 1146880K
  class space    used 14181K, committed 14528K, reserved 1048576K
}
Event: 28.314 GC heap before
{Heap before GC invocations=50 (full 0):
 garbage-first heap   total 188416K, used 110848K [0x0000000080000000, 0x0000000100000000)
  region size 1024K, 9 young (9216K), 6 survivors (6144K)
 Metaspace       used 104734K, committed 105408K, reserved 1146880K
  class space    used 14231K, committed 14528K, reserved 1048576K
}
Event: 28.323 GC heap after
{Heap after GC invocations=51 (full 0):
 garbage-first heap   total 188416K, used 108227K [0x0000000080000000, 0x0000000100000000)
  region size 1024K, 1 young (1024K), 1 survivors (1024K)
 Metaspace       used 104734K, committed 105408K, reserved 1146880K
  class space    used 14231K, committed 14528K, reserved 1048576K
}
Event: 29.542 GC heap before
{Heap before GC invocations=51 (full 0):
 garbage-first heap   total 188416K, used 155331K [0x0000000080000000, 0x0000000100000000)
  region size 1024K, 48 young (49152K), 1 survivors (1024K)
 Metaspace       used 105187K, committed 105856K, reserved 1146880K
  class space    used 14305K, committed 14592K, reserved 1048576K
}
Event: 29.551 GC heap after
{Heap after GC invocations=52 (full 0):
 garbage-first heap   total 325632K, used 110410K [0x0000000080000000, 0x0000000100000000)
  region size 1024K, 4 young (4096K), 4 survivors (4096K)
 Metaspace       used 105187K, committed 105856K, reserved 1146880K
  class space    used 14305K, committed 14592K, reserved 1048576K
}

